app/build/intermediates/manifest_merge_blame_file/debug/processDebugMainManifest/manifest-merger-blame-debug-report.txt
1<?xml version="1.0" encoding="utf-8"?>
2<manifest xmlns:android="http://schemas.android.com/apk/res/android"
3    package="com.milkstoremobile_fronend"
4    android:versionCode="1"
5    android:versionName="1.0" >
6
7    <uses-sdk
8        android:minSdkVersion="24"
9        android:targetSdkVersion="35" />
10
11    <uses-permission android:name="android.permission.INTERNET" />
11-->src\main\AndroidManifest.xml:4:5-67
11-->src\main\AndroidManifest.xml:4:22-64
12
13    <permission
13-->[androidx.core:core:1.13.0] AndroidManifest.xml:22:5-24:47
14        android:name="com.milkstoremobile_fronend.DYNAMIC_RECEIVER_NOT_EXPORTED_PERMISSION"
14-->[androidx.core:core:1.13.0] AndroidManifest.xml:23:9-81
15        android:protectionLevel="signature" />
15-->[androidx.core:core:1.13.0] AndroidManifest.xml:24:9-44
16
17    <uses-permission android:name="com.milkstoremobile_fronend.DYNAMIC_RECEIVER_NOT_EXPORTED_PERMISSION" />
17-->[androidx.core:core:1.13.0] AndroidManifest.xml:26:5-97
17-->[androidx.core:core:1.13.0] AndroidManifest.xml:26:22-94
18
19    <application
19-->src\main\AndroidManifest.xml:5:5-44:19
20        android:allowBackup="true"
20-->src\main\AndroidManifest.xml:6:9-35
21        android:appComponentFactory="androidx.core.app.CoreComponentFactory"
21-->[androidx.core:core:1.13.0] AndroidManifest.xml:28:18-86
22        android:dataExtractionRules="@xml/data_extraction_rules"
22-->src\main\AndroidManifest.xml:7:9-65
23        android:debuggable="true"
24        android:extractNativeLibs="false"
25        android:fullBackupContent="@xml/backup_rules"
25-->src\main\AndroidManifest.xml:8:9-54
26        android:icon="@mipmap/ic_launcher"
26-->src\main\AndroidManifest.xml:9:9-43
27        android:label="@string/app_name"
27-->src\main\AndroidManifest.xml:10:9-41
28        android:networkSecurityConfig="@xml/network_security_config"
28-->src\main\AndroidManifest.xml:15:9-69
29        android:roundIcon="@mipmap/ic_launcher_round"
29-->src\main\AndroidManifest.xml:11:9-54
30        android:supportsRtl="true"
30-->src\main\AndroidManifest.xml:12:9-35
31        android:testOnly="true"
32        android:theme="@style/Theme.MilkStoreMobile_FronEnd"
32-->src\main\AndroidManifest.xml:13:9-61
33        android:usesCleartextTraffic="true" >
33-->src\main\AndroidManifest.xml:14:9-44
34        <activity
34-->src\main\AndroidManifest.xml:21:9-29:20
35            android:name="com.milkstoremobile_fronend.views.activitys.MainActivity"
35-->src\main\AndroidManifest.xml:22:13-57
36            android:exported="true" >
36-->src\main\AndroidManifest.xml:23:13-36
37            <intent-filter>
37-->src\main\AndroidManifest.xml:24:13-28:29
38                <action android:name="android.intent.action.MAIN" />
38-->src\main\AndroidManifest.xml:25:17-69
38-->src\main\AndroidManifest.xml:25:25-66
39
40                <category android:name="android.intent.category.LAUNCHER" />
40-->src\main\AndroidManifest.xml:27:17-77
40-->src\main\AndroidManifest.xml:27:27-74
41            </intent-filter>
42        </activity>
43        <activity android:name="com.milkstoremobile_fronend.views.activitys.milk.MilkDetailActivity" />
43-->src\main\AndroidManifest.xml:31:9-76
43-->src\main\AndroidManifest.xml:31:19-74
44        <activity android:name="com.milkstoremobile_fronend.views.activitys.ManagerDashboardActivity" />
44-->src\main\AndroidManifest.xml:32:9-77
44-->src\main\AndroidManifest.xml:32:19-75
45        <activity android:name="com.milkstoremobile_fronend.views.activitys.category.CategoryListActivity" />
45-->src\main\AndroidManifest.xml:33:9-82
45-->src\main\AndroidManifest.xml:33:19-80
46        <activity android:name="com.milkstoremobile_fronend.views.activitys.category.CategoryFormActivity" />
46-->src\main\AndroidManifest.xml:34:9-82
46-->src\main\AndroidManifest.xml:34:19-80
47        <activity android:name="com.milkstoremobile_fronend.views.activitys.product.ProductListActivity" />
47-->src\main\AndroidManifest.xml:35:9-80
47-->src\main\AndroidManifest.xml:35:19-78
48        <activity android:name="com.milkstoremobile_fronend.views.activitys.product.ProductFormActivity" />
48-->src\main\AndroidManifest.xml:36:9-80
48-->src\main\AndroidManifest.xml:36:19-78
49        <activity android:name="com.milkstoremobile_fronend.views.activitys.cart.CartActivity" />
49-->src\main\AndroidManifest.xml:37:9-70
49-->src\main\AndroidManifest.xml:37:19-68
50        <activity android:name="com.milkstoremobile_fronend.views.activitys.payment.PaymentActivity" />
50-->src\main\AndroidManifest.xml:38:9-76
50-->src\main\AndroidManifest.xml:38:19-74
51        <activity android:name="com.milkstoremobile_fronend.views.activitys.OrderActivity.OrderActivity" />
51-->src\main\AndroidManifest.xml:39:9-80
51-->src\main\AndroidManifest.xml:39:19-78
52        <activity android:name="com.milkstoremobile_fronend.views.activitys.AuthenActivity" />
52-->src\main\AndroidManifest.xml:40:9-67
52-->src\main\AndroidManifest.xml:40:19-65
53        <activity android:name="com.milkstoremobile_fronend.views.activitys.chat.ChatActivity" />
53-->src\main\AndroidManifest.xml:41:9-71
53-->src\main\AndroidManifest.xml:41:19-68
54
55        <service
55-->[androidx.room:room-runtime:2.5.2] AndroidManifest.xml:24:9-28:63
56            android:name="androidx.room.MultiInstanceInvalidationService"
56-->[androidx.room:room-runtime:2.5.2] AndroidManifest.xml:25:13-74
57            android:directBootAware="true"
57-->[androidx.room:room-runtime:2.5.2] AndroidManifest.xml:26:13-43
58            android:exported="false" />
58-->[androidx.room:room-runtime:2.5.2] AndroidManifest.xml:27:13-37
59
60        <provider
60-->[androidx.emoji2:emoji2:1.3.0] AndroidManifest.xml:24:9-32:20
61            android:name="androidx.startup.InitializationProvider"
61-->[androidx.emoji2:emoji2:1.3.0] AndroidManifest.xml:25:13-67
62            android:authorities="com.milkstoremobile_fronend.androidx-startup"
62-->[androidx.emoji2:emoji2:1.3.0] AndroidManifest.xml:26:13-68
63            android:exported="false" >
63-->[androidx.emoji2:emoji2:1.3.0] AndroidManifest.xml:27:13-37
64            <meta-data
64-->[androidx.emoji2:emoji2:1.3.0] AndroidManifest.xml:29:13-31:52
65                android:name="androidx.emoji2.text.EmojiCompatInitializer"
65-->[androidx.emoji2:emoji2:1.3.0] AndroidManifest.xml:30:17-75
66                android:value="androidx.startup" />
66-->[androidx.emoji2:emoji2:1.3.0] AndroidManifest.xml:31:17-49
67            <meta-data
67-->[androidx.lifecycle:lifecycle-process:2.6.2] AndroidManifest.xml:29:13-31:52
68                android:name="androidx.lifecycle.ProcessLifecycleInitializer"
68-->[androidx.lifecycle:lifecycle-process:2.6.2] AndroidManifest.xml:30:17-78
69                android:value="androidx.startup" />
69-->[androidx.lifecycle:lifecycle-process:2.6.2] AndroidManifest.xml:31:17-49
70            <meta-data
70-->[androidx.profileinstaller:profileinstaller:1.4.0] AndroidManifest.xml:29:13-31:52
71                android:name="androidx.profileinstaller.ProfileInstallerInitializer"
71-->[androidx.profileinstaller:profileinstaller:1.4.0] AndroidManifest.xml:30:17-85
72                android:value="androidx.startup" />
72-->[androidx.profileinstaller:profileinstaller:1.4.0] AndroidManifest.xml:31:17-49
73        </provider>
74
75        <receiver
75-->[androidx.profileinstaller:profileinstaller:1.4.0] AndroidManifest.xml:34:9-52:20
76            android:name="androidx.profileinstaller.ProfileInstallReceiver"
76-->[androidx.profileinstaller:profileinstaller:1.4.0] AndroidManifest.xml:35:13-76
77            android:directBootAware="false"
77-->[androidx.profileinstaller:profileinstaller:1.4.0] AndroidManifest.xml:36:13-44
78            android:enabled="true"
78-->[androidx.profileinstaller:profileinstaller:1.4.0] AndroidManifest.xml:37:13-35
79            android:exported="true"
79-->[androidx.profileinstaller:profileinstaller:1.4.0] AndroidManifest.xml:38:13-36
80            android:permission="android.permission.DUMP" >
80-->[androidx.profileinstaller:profileinstaller:1.4.0] AndroidManifest.xml:39:13-57
81            <intent-filter>
81-->[androidx.profileinstaller:profileinstaller:1.4.0] AndroidManifest.xml:40:13-42:29
82                <action android:name="androidx.profileinstaller.action.INSTALL_PROFILE" />
82-->[androidx.profileinstaller:profileinstaller:1.4.0] AndroidManifest.xml:41:17-91
82-->[androidx.profileinstaller:profileinstaller:1.4.0] AndroidManifest.xml:41:25-88
83            </intent-filter>
84            <intent-filter>
84-->[androidx.profileinstaller:profileinstaller:1.4.0] AndroidManifest.xml:43:13-45:29
85                <action android:name="androidx.profileinstaller.action.SKIP_FILE" />
85-->[androidx.profileinstaller:profileinstaller:1.4.0] AndroidManifest.xml:44:17-85
85-->[androidx.profileinstaller:profileinstaller:1.4.0] AndroidManifest.xml:44:25-82
86            </intent-filter>
87            <intent-filter>
87-->[androidx.profileinstaller:profileinstaller:1.4.0] AndroidManifest.xml:46:13-48:29
88                <action android:name="androidx.profileinstaller.action.SAVE_PROFILE" />
88-->[androidx.profileinstaller:profileinstaller:1.4.0] AndroidManifest.xml:47:17-88
88-->[androidx.profileinstaller:profileinstaller:1.4.0] AndroidManifest.xml:47:25-85
89            </intent-filter>
90            <intent-filter>
90-->[androidx.profileinstaller:profileinstaller:1.4.0] AndroidManifest.xml:49:13-51:29
91                <action android:name="androidx.profileinstaller.action.BENCHMARK_OPERATION" />
91-->[androidx.profileinstaller:profileinstaller:1.4.0] AndroidManifest.xml:50:17-95
91-->[androidx.profileinstaller:profileinstaller:1.4.0] AndroidManifest.xml:50:25-92
92            </intent-filter>
93        </receiver>
94    </application>
95
96</manifest>